■ リクエスト
URL : http://127.0.0.1:8000/login
リクエストメソッド : GET
タイムスタンプ : 1707722950
クエリパラメータ : 
リクエストヘッダー : 
	Host : 127.0.0.1:8000
	User-Agent : Mozilla/5.0 (X11; Ubuntu; Linux x86_64; rv:122.0) Gecko/20100101 Firefox/122.0
	Accept : text/html,application/xhtml+xml,application/xml;q=0.9,image/avif,image/webp,*/*;q=0.8
	Accept-Language : ja,en-US;q=0.7,en;q=0.3
	Accept-Encoding : gzip, deflate, br
	Connection : keep-alive
	Cookie : PHPSESSID=3u20c7hodkupun9lshm96nrrer
	Upgrade-Insecure-Requests : 1
	Sec-Fetch-Dest : document
	Sec-Fetch-Mode : navigate
	Sec-Fetch-Site : cross-site
■ レスポンス
レスポンスヘッダー : 
	ダミーデータ
	HTTP/1.1 200 OK
	Date: Sun, 11 Feb 2024 08:49:03 GMT
